mode: atomic
github.com/cbush06/kosher/steps/websteps/web_steps.go:11.88,92.2 68 0
github.com/cbush06/kosher/cmd/init.go:39.55,42.21 3 0
github.com/cbush06/kosher/cmd/init.go:52.4,52.160 1 0
github.com/cbush06/kosher/cmd/init.go:56.4,56.89 1 0
github.com/cbush06/kosher/cmd/init.go:60.4,60.14 1 0
github.com/cbush06/kosher/cmd/init.go:42.21,43.43 1 0
github.com/cbush06/kosher/cmd/init.go:43.43,45.6 1 0
github.com/cbush06/kosher/cmd/init.go:46.10,47.70 1 0
github.com/cbush06/kosher/cmd/init.go:47.70,49.6 1 0
github.com/cbush06/kosher/cmd/init.go:52.160,54.5 1 0
github.com/cbush06/kosher/cmd/init.go:56.89,58.5 1 0
github.com/cbush06/kosher/cmd/init.go:65.56,70.2 4 0
github.com/cbush06/kosher/cmd/init.go:73.101,103.53 4 0
github.com/cbush06/kosher/cmd/init.go:124.2,124.39 1 0
github.com/cbush06/kosher/cmd/init.go:130.2,130.27 1 0
github.com/cbush06/kosher/cmd/init.go:136.2,140.12 4 0
github.com/cbush06/kosher/cmd/init.go:144.2,144.12 1 0
github.com/cbush06/kosher/cmd/init.go:103.53,104.52 1 0
github.com/cbush06/kosher/cmd/init.go:108.3,110.10 2 0
github.com/cbush06/kosher/cmd/init.go:104.52,106.4 1 0
github.com/cbush06/kosher/cmd/init.go:111.27,112.82 1 0
github.com/cbush06/kosher/cmd/init.go:114.26,116.29 2 0
github.com/cbush06/kosher/cmd/init.go:116.29,117.60 1 0
github.com/cbush06/kosher/cmd/init.go:117.60,119.6 1 0
github.com/cbush06/kosher/cmd/init.go:124.39,125.48 1 0
github.com/cbush06/kosher/cmd/init.go:125.48,127.4 1 0
github.com/cbush06/kosher/cmd/init.go:130.27,132.3 1 0
github.com/cbush06/kosher/cmd/init.go:132.8,132.38 1 0
github.com/cbush06/kosher/cmd/init.go:132.38,134.3 1 0
github.com/cbush06/kosher/cmd/init.go:140.12,142.3 1 0
github.com/cbush06/kosher/cmd/kosher.go:23.55,26.4 2 0
github.com/cbush06/kosher/cmd/kosher.go:30.58,32.2 1 0
github.com/cbush06/kosher/cmd/version.go:21.55,24.4 2 0
github.com/cbush06/kosher/cmd/version.go:28.59,30.2 1 0
github.com/cbush06/kosher/main.go:7.13,9.2 1 0
github.com/cbush06/kosher/steps/macros/macro_builder.go:22.47,30.51 2 0
github.com/cbush06/kosher/steps/macros/macro_builder.go:34.2,34.54 1 0
github.com/cbush06/kosher/steps/macros/macro_builder.go:38.2,38.20 1 0
github.com/cbush06/kosher/steps/macros/macro_builder.go:30.51,32.3 1 0
github.com/cbush06/kosher/steps/macros/macro_builder.go:34.54,36.3 1 0
github.com/cbush06/kosher/steps/macros/macro_builder.go:41.59,49.75 2 0
github.com/cbush06/kosher/steps/macros/macro_builder.go:53.2,53.36 1 0
github.com/cbush06/kosher/steps/macros/macro_builder.go:72.2,72.22 1 0
github.com/cbush06/kosher/steps/macros/macro_builder.go:49.75,51.3 1 0
github.com/cbush06/kosher/steps/macros/macro_builder.go:53.36,59.84 2 0
github.com/cbush06/kosher/steps/macros/macro_builder.go:63.3,63.70 1 0
github.com/cbush06/kosher/steps/macros/macro_builder.go:67.3,69.22 2 0
github.com/cbush06/kosher/steps/macros/macro_builder.go:59.84,61.4 1 0
github.com/cbush06/kosher/steps/macros/macro_builder.go:63.70,65.4 1 0
github.com/cbush06/kosher/steps/macros/macro_builder.go:75.66,78.35 2 0
github.com/cbush06/kosher/steps/macros/macro_builder.go:110.2,110.20 1 0
github.com/cbush06/kosher/steps/macros/macro_builder.go:78.35,79.59 1 0
github.com/cbush06/kosher/steps/macros/macro_builder.go:79.59,87.42 3 0
github.com/cbush06/kosher/steps/macros/macro_builder.go:106.4,106.37 1 0
github.com/cbush06/kosher/steps/macros/macro_builder.go:88.27,90.44 2 0
github.com/cbush06/kosher/steps/macros/macro_builder.go:101.5,101.50 1 0
github.com/cbush06/kosher/steps/macros/macro_builder.go:102.12,103.123 1 0
github.com/cbush06/kosher/steps/macros/macro_builder.go:90.44,95.33 2 0
github.com/cbush06/kosher/steps/macros/macro_builder.go:98.6,98.43 1 0
github.com/cbush06/kosher/steps/macros/macro_builder.go:95.33,97.7 1 0
github.com/cbush06/kosher/steps/websteps/browser_steps.go:14.62,15.22 1 0
github.com/cbush06/kosher/steps/websteps/browser_steps.go:15.22,16.59 1 0
github.com/cbush06/kosher/steps/websteps/browser_steps.go:19.3,19.13 1 0
github.com/cbush06/kosher/steps/websteps/browser_steps.go:16.59,18.4 1 0
github.com/cbush06/kosher/steps/websteps/browser_steps.go:23.37,24.33 1 0
github.com/cbush06/kosher/steps/websteps/browser_steps.go:24.33,27.3 2 0
github.com/cbush06/kosher/steps/websteps/browser_steps.go:30.60,31.22 1 0
github.com/cbush06/kosher/steps/websteps/browser_steps.go:31.22,35.53 4 0
github.com/cbush06/kosher/steps/websteps/browser_steps.go:38.3,38.13 1 0
github.com/cbush06/kosher/steps/websteps/browser_steps.go:35.53,37.4 1 0
github.com/cbush06/kosher/steps/websteps/browser_steps.go:42.68,43.32 1 0
github.com/cbush06/kosher/steps/websteps/browser_steps.go:43.32,52.58 2 0
github.com/cbush06/kosher/steps/websteps/browser_steps.go:57.3,57.54 1 0
github.com/cbush06/kosher/steps/websteps/browser_steps.go:75.3,75.31 1 0
github.com/cbush06/kosher/steps/websteps/browser_steps.go:79.3,79.52 1 0
github.com/cbush06/kosher/steps/websteps/browser_steps.go:52.58,54.4 1 0
github.com/cbush06/kosher/steps/websteps/browser_steps.go:57.54,59.39 1 0
github.com/cbush06/kosher/steps/websteps/browser_steps.go:62.4,62.38 1 0
github.com/cbush06/kosher/steps/websteps/browser_steps.go:66.4,69.50 3 0
github.com/cbush06/kosher/steps/websteps/browser_steps.go:72.4,72.39 1 0
github.com/cbush06/kosher/steps/websteps/browser_steps.go:59.39,61.5 1 0
github.com/cbush06/kosher/steps/websteps/browser_steps.go:62.38,64.5 1 0
github.com/cbush06/kosher/steps/websteps/browser_steps.go:69.50,71.5 1 0
github.com/cbush06/kosher/steps/websteps/browser_steps.go:75.31,77.4 1 0
github.com/cbush06/kosher/steps/websteps/browser_steps.go:83.78,90.62 2 0
github.com/cbush06/kosher/steps/websteps/browser_steps.go:94.2,94.49 1 0
github.com/cbush06/kosher/steps/websteps/browser_steps.go:90.62,92.3 1 0
github.com/cbush06/kosher/steps/websteps/browser_steps.go:97.58,98.22 1 0
github.com/cbush06/kosher/steps/websteps/browser_steps.go:98.22,100.3 1 0
github.com/cbush06/kosher/steps/websteps/browser_steps.go:103.73,104.34 1 0
github.com/cbush06/kosher/steps/websteps/browser_steps.go:104.34,112.70 2 0
github.com/cbush06/kosher/steps/websteps/browser_steps.go:117.3,117.69 1 0
github.com/cbush06/kosher/steps/websteps/browser_steps.go:121.3,121.58 1 0
github.com/cbush06/kosher/steps/websteps/browser_steps.go:125.3,125.13 1 0
github.com/cbush06/kosher/steps/websteps/browser_steps.go:112.70,114.4 1 0
github.com/cbush06/kosher/steps/websteps/browser_steps.go:117.69,119.4 1 0
github.com/cbush06/kosher/steps/websteps/browser_steps.go:121.58,123.4 1 0
github.com/cbush06/kosher/report/file_write_through.go:17.92,23.109 2 0
github.com/cbush06/kosher/report/file_write_through.go:28.2,30.8 1 0
github.com/cbush06/kosher/report/file_write_through.go:23.109,26.3 2 0
github.com/cbush06/kosher/report/file_write_through.go:33.63,35.2 1 0
github.com/cbush06/kosher/report/file_write_through.go:38.50,40.2 1 0
github.com/cbush06/kosher/report/std_out_report.go:11.62,13.2 1 0
github.com/cbush06/kosher/report/std_out_report.go:15.65,18.2 2 0
github.com/cbush06/kosher/report/std_out_report.go:21.52,23.2 1 0
github.com/cbush06/kosher/integrations/jira/templates.go:36.73,39.59 2 0
github.com/cbush06/kosher/integrations/jira/templates.go:49.2,49.60 1 0
github.com/cbush06/kosher/integrations/jira/templates.go:39.59,41.96 2 0
github.com/cbush06/kosher/integrations/jira/templates.go:41.96,43.4 1 0
github.com/cbush06/kosher/integrations/jira/templates.go:43.9,46.4 2 0
github.com/cbush06/kosher/integrations/jira/templates.go:53.77,56.63 2 0
github.com/cbush06/kosher/integrations/jira/templates.go:66.2,66.64 1 0
github.com/cbush06/kosher/integrations/jira/templates.go:56.63,58.96 2 0
github.com/cbush06/kosher/integrations/jira/templates.go:58.96,60.4 1 0
github.com/cbush06/kosher/integrations/jira/templates.go:60.9,63.4 2 0
github.com/cbush06/kosher/integrations/jira/templates.go:69.83,72.83 2 0
github.com/cbush06/kosher/integrations/jira/templates.go:72.83,74.3 1 0
github.com/cbush06/kosher/integrations/jira/templates.go:74.8,74.24 1 0
github.com/cbush06/kosher/integrations/jira/templates.go:74.24,76.3 1 0
github.com/cbush06/kosher/integrations/jira/templates.go:76.8,82.84 2 0
github.com/cbush06/kosher/integrations/jira/templates.go:86.3,86.32 1 0
github.com/cbush06/kosher/integrations/jira/templates.go:82.84,84.4 1 0
github.com/cbush06/kosher/resources/configfiles/example.feature.go:4.33,29.2 1 0
github.com/cbush06/kosher/resources/configfiles/selectors.json.go:4.32,9.2 1 0
github.com/cbush06/kosher/common/version.go:16.36,18.2 1 0
github.com/cbush06/kosher/fs/fs.go:37.48,40.2 2 0
github.com/cbush06/kosher/fs/fs.go:42.63,55.50 2 0
github.com/cbush06/kosher/fs/fs.go:58.2,58.79 1 0
github.com/cbush06/kosher/fs/fs.go:62.2,63.79 2 0
github.com/cbush06/kosher/fs/fs.go:67.2,68.64 2 0
github.com/cbush06/kosher/fs/fs.go:71.2,74.66 3 0
github.com/cbush06/kosher/fs/fs.go:77.2,80.65 3 0
github.com/cbush06/kosher/fs/fs.go:83.2,86.64 3 0
github.com/cbush06/kosher/fs/fs.go:89.2,92.67 3 0
github.com/cbush06/kosher/fs/fs.go:95.2,105.8 2 0
github.com/cbush06/kosher/fs/fs.go:55.50,57.3 1 0
github.com/cbush06/kosher/fs/fs.go:58.79,60.3 1 0
github.com/cbush06/kosher/fs/fs.go:63.79,65.3 1 0
github.com/cbush06/kosher/fs/fs.go:68.64,70.3 1 0
github.com/cbush06/kosher/fs/fs.go:74.66,76.3 1 0
github.com/cbush06/kosher/fs/fs.go:80.65,82.3 1 0
github.com/cbush06/kosher/fs/fs.go:86.64,88.3 1 0
github.com/cbush06/kosher/fs/fs.go:92.67,94.3 1 0
github.com/cbush06/kosher/fs/fs.go:108.86,109.19 1 0
github.com/cbush06/kosher/fs/fs.go:115.2,115.54 1 0
github.com/cbush06/kosher/fs/fs.go:109.19,110.59 1 0
github.com/cbush06/kosher/fs/fs.go:113.3,113.90 1 0
github.com/cbush06/kosher/fs/fs.go:110.59,112.4 1 0
github.com/cbush06/kosher/steps/websteps/form_steps.go:16.81,17.47 1 0
github.com/cbush06/kosher/steps/websteps/form_steps.go:17.47,20.35 2 0
github.com/cbush06/kosher/steps/websteps/form_steps.go:30.3,30.13 1 0
github.com/cbush06/kosher/steps/websteps/form_steps.go:20.35,26.56 2 0
github.com/cbush06/kosher/steps/websteps/form_steps.go:26.56,28.5 1 0
github.com/cbush06/kosher/steps/websteps/form_steps.go:34.95,37.64 2 0
github.com/cbush06/kosher/steps/websteps/form_steps.go:37.64,39.3 1 0
github.com/cbush06/kosher/steps/websteps/form_steps.go:42.74,43.48 1 0
github.com/cbush06/kosher/steps/websteps/form_steps.go:43.48,55.58 2 0
github.com/cbush06/kosher/steps/websteps/form_steps.go:60.3,60.69 1 0
github.com/cbush06/kosher/steps/websteps/form_steps.go:65.3,65.69 1 0
github.com/cbush06/kosher/steps/websteps/form_steps.go:70.3,70.39 1 0
github.com/cbush06/kosher/steps/websteps/form_steps.go:104.3,104.13 1 0
github.com/cbush06/kosher/steps/websteps/form_steps.go:55.58,57.4 1 0
github.com/cbush06/kosher/steps/websteps/form_steps.go:60.69,62.4 1 0
github.com/cbush06/kosher/steps/websteps/form_steps.go:65.69,67.4 1 0
github.com/cbush06/kosher/steps/websteps/form_steps.go:70.39,74.4 3 0
github.com/cbush06/kosher/steps/websteps/form_steps.go:74.9,76.21 2 0
github.com/cbush06/kosher/steps/websteps/form_steps.go:77.17,78.35 1 0
github.com/cbush06/kosher/steps/websteps/form_steps.go:86.20,88.34 2 0
github.com/cbush06/kosher/steps/websteps/form_steps.go:92.18,93.63 1 0
github.com/cbush06/kosher/steps/websteps/form_steps.go:96.16,97.67 1 0
github.com/cbush06/kosher/steps/websteps/form_steps.go:100.12,101.65 1 0
github.com/cbush06/kosher/steps/websteps/form_steps.go:78.35,81.81 3 0
github.com/cbush06/kosher/steps/websteps/form_steps.go:81.81,84.7 2 0
github.com/cbush06/kosher/steps/websteps/form_steps.go:88.34,91.6 2 0
github.com/cbush06/kosher/steps/websteps/form_steps.go:93.63,95.6 1 0
github.com/cbush06/kosher/steps/websteps/form_steps.go:97.67,99.6 1 0
github.com/cbush06/kosher/steps/websteps/form_steps.go:108.64,109.48 1 0
github.com/cbush06/kosher/steps/websteps/form_steps.go:109.48,119.58 2 0
github.com/cbush06/kosher/steps/websteps/form_steps.go:124.3,124.69 1 0
github.com/cbush06/kosher/steps/websteps/form_steps.go:129.3,129.69 1 0
github.com/cbush06/kosher/steps/websteps/form_steps.go:133.3,133.39 1 0
github.com/cbush06/kosher/steps/websteps/form_steps.go:141.3,141.13 1 0
github.com/cbush06/kosher/steps/websteps/form_steps.go:119.58,121.4 1 0
github.com/cbush06/kosher/steps/websteps/form_steps.go:124.69,126.4 1 0
github.com/cbush06/kosher/steps/websteps/form_steps.go:129.69,131.4 1 0
github.com/cbush06/kosher/steps/websteps/form_steps.go:133.39,134.64 1 0
github.com/cbush06/kosher/steps/websteps/form_steps.go:134.64,136.5 1 0
github.com/cbush06/kosher/steps/websteps/form_steps.go:137.9,139.4 1 0
github.com/cbush06/kosher/steps/websteps/form_steps.go:145.69,146.48 1 0
github.com/cbush06/kosher/steps/websteps/form_steps.go:146.48,156.58 2 0
github.com/cbush06/kosher/steps/websteps/form_steps.go:161.3,161.69 1 0
github.com/cbush06/kosher/steps/websteps/form_steps.go:166.3,166.28 1 0
github.com/cbush06/kosher/steps/websteps/form_steps.go:171.3,171.69 1 0
github.com/cbush06/kosher/steps/websteps/form_steps.go:176.3,176.61 1 0
github.com/cbush06/kosher/steps/websteps/form_steps.go:180.3,180.13 1 0
github.com/cbush06/kosher/steps/websteps/form_steps.go:156.58,158.4 1 0
github.com/cbush06/kosher/steps/websteps/form_steps.go:161.69,163.4 1 0
github.com/cbush06/kosher/steps/websteps/form_steps.go:166.28,168.4 1 0
github.com/cbush06/kosher/steps/websteps/form_steps.go:171.69,173.4 1 0
github.com/cbush06/kosher/steps/websteps/form_steps.go:176.61,178.4 1 0
github.com/cbush06/kosher/steps/websteps/form_steps.go:184.56,186.2 1 0
github.com/cbush06/kosher/steps/websteps/form_steps.go:188.58,190.2 1 0
github.com/cbush06/kosher/steps/websteps/form_steps.go:192.77,193.34 1 0
github.com/cbush06/kosher/steps/websteps/form_steps.go:193.34,202.58 2 0
github.com/cbush06/kosher/steps/websteps/form_steps.go:207.3,207.69 1 0
github.com/cbush06/kosher/steps/websteps/form_steps.go:212.3,212.30 1 0
github.com/cbush06/kosher/steps/websteps/form_steps.go:217.3,217.14 1 0
github.com/cbush06/kosher/steps/websteps/form_steps.go:227.3,227.13 1 0
github.com/cbush06/kosher/steps/websteps/form_steps.go:202.58,204.4 1 0
github.com/cbush06/kosher/steps/websteps/form_steps.go:207.69,209.4 1 0
github.com/cbush06/kosher/steps/websteps/form_steps.go:212.30,214.4 1 0
github.com/cbush06/kosher/steps/websteps/form_steps.go:217.14,218.44 1 0
github.com/cbush06/kosher/steps/websteps/form_steps.go:218.44,220.5 1 0
github.com/cbush06/kosher/steps/websteps/form_steps.go:221.9,222.46 1 0
github.com/cbush06/kosher/steps/websteps/form_steps.go:222.46,224.5 1 0
github.com/cbush06/kosher/steps/websteps/form_steps.go:231.95,233.2 1 0
github.com/cbush06/kosher/steps/websteps/form_steps.go:235.97,237.2 1 0
github.com/cbush06/kosher/steps/websteps/form_steps.go:239.118,240.61 1 0
github.com/cbush06/kosher/steps/websteps/form_steps.go:240.61,252.39 2 0
github.com/cbush06/kosher/steps/websteps/form_steps.go:259.3,262.58 2 0
github.com/cbush06/kosher/steps/websteps/form_steps.go:267.3,267.69 1 0
github.com/cbush06/kosher/steps/websteps/form_steps.go:272.3,272.28 1 0
github.com/cbush06/kosher/steps/websteps/form_steps.go:292.3,292.13 1 0
github.com/cbush06/kosher/steps/websteps/form_steps.go:252.39,254.87 1 0
github.com/cbush06/kosher/steps/websteps/form_steps.go:257.4,257.77 1 0
github.com/cbush06/kosher/steps/websteps/form_steps.go:254.87,256.5 1 0
github.com/cbush06/kosher/steps/websteps/form_steps.go:262.58,264.4 1 0
github.com/cbush06/kosher/steps/websteps/form_steps.go:267.69,269.4 1 0
github.com/cbush06/kosher/steps/websteps/form_steps.go:272.28,276.92 3 0
github.com/cbush06/kosher/steps/websteps/form_steps.go:280.4,280.43 1 0
github.com/cbush06/kosher/steps/websteps/form_steps.go:276.92,278.5 1 0
github.com/cbush06/kosher/steps/websteps/form_steps.go:280.43,282.60 2 0
github.com/cbush06/kosher/steps/websteps/form_steps.go:282.60,284.6 1 0
github.com/cbush06/kosher/steps/websteps/form_steps.go:284.11,284.70 1 0
github.com/cbush06/kosher/steps/websteps/form_steps.go:284.70,286.6 1 0
github.com/cbush06/kosher/steps/websteps/form_steps.go:288.9,290.4 1 0
github.com/cbush06/kosher/steps/websteps/form_steps.go:296.57,297.34 1 0
github.com/cbush06/kosher/steps/websteps/form_steps.go:297.34,306.58 2 0
github.com/cbush06/kosher/steps/websteps/form_steps.go:311.3,311.69 1 0
github.com/cbush06/kosher/steps/websteps/form_steps.go:316.3,316.27 1 0
github.com/cbush06/kosher/steps/websteps/form_steps.go:321.3,321.99 1 0
github.com/cbush06/kosher/steps/websteps/form_steps.go:306.58,308.4 1 0
github.com/cbush06/kosher/steps/websteps/form_steps.go:311.69,313.4 1 0
github.com/cbush06/kosher/steps/websteps/form_steps.go:316.27,319.4 2 0
github.com/cbush06/kosher/steps/websteps/form_steps.go:325.56,326.34 1 0
github.com/cbush06/kosher/steps/websteps/form_steps.go:326.34,328.3 1 0
github.com/cbush06/kosher/steps/websteps/form_steps.go:331.69,332.34 1 0
github.com/cbush06/kosher/steps/websteps/form_steps.go:332.34,334.3 1 0
github.com/cbush06/kosher/steps/websteps/form_steps.go:337.67,338.46 1 0
github.com/cbush06/kosher/steps/websteps/form_steps.go:338.46,347.58 2 0
github.com/cbush06/kosher/steps/websteps/form_steps.go:352.3,353.19 2 0
github.com/cbush06/kosher/steps/websteps/form_steps.go:358.3,358.54 1 0
github.com/cbush06/kosher/steps/websteps/form_steps.go:376.3,376.28 1 0
github.com/cbush06/kosher/steps/websteps/form_steps.go:379.3,379.43 1 0
github.com/cbush06/kosher/steps/websteps/form_steps.go:347.58,349.4 1 0
github.com/cbush06/kosher/steps/websteps/form_steps.go:353.19,355.4 1 0
github.com/cbush06/kosher/steps/websteps/form_steps.go:358.54,360.39 1 0
github.com/cbush06/kosher/steps/websteps/form_steps.go:363.4,363.38 1 0
github.com/cbush06/kosher/steps/websteps/form_steps.go:367.4,370.50 3 0
github.com/cbush06/kosher/steps/websteps/form_steps.go:373.4,373.39 1 0
github.com/cbush06/kosher/steps/websteps/form_steps.go:360.39,362.5 1 0
github.com/cbush06/kosher/steps/websteps/form_steps.go:363.38,365.5 1 0
github.com/cbush06/kosher/steps/websteps/form_steps.go:370.50,372.5 1 0
github.com/cbush06/kosher/steps/websteps/form_steps.go:376.28,378.4 1 0
github.com/cbush06/kosher/steps/websteps/form_steps.go:384.75,393.57 2 0
github.com/cbush06/kosher/steps/websteps/form_steps.go:398.2,398.51 1 0
github.com/cbush06/kosher/steps/websteps/form_steps.go:402.2,404.12 2 0
github.com/cbush06/kosher/steps/websteps/form_steps.go:393.57,395.3 1 0
github.com/cbush06/kosher/steps/websteps/form_steps.go:398.51,400.3 1 0
github.com/cbush06/kosher/steps/websteps/form_steps.go:407.62,408.34 1 0
github.com/cbush06/kosher/steps/websteps/form_steps.go:408.34,416.58 2 0
github.com/cbush06/kosher/steps/websteps/form_steps.go:421.3,422.19 2 0
github.com/cbush06/kosher/steps/websteps/form_steps.go:427.3,432.23 5 0
github.com/cbush06/kosher/steps/websteps/form_steps.go:438.3,438.29 1 0
github.com/cbush06/kosher/steps/websteps/form_steps.go:451.3,451.17 1 0
github.com/cbush06/kosher/steps/websteps/form_steps.go:455.3,455.13 1 0
github.com/cbush06/kosher/steps/websteps/form_steps.go:416.58,418.4 1 0
github.com/cbush06/kosher/steps/websteps/form_steps.go:422.19,424.4 1 0
github.com/cbush06/kosher/steps/websteps/form_steps.go:432.23,434.4 1 0
github.com/cbush06/kosher/steps/websteps/form_steps.go:434.9,434.32 1 0
github.com/cbush06/kosher/steps/websteps/form_steps.go:434.32,436.4 1 0
github.com/cbush06/kosher/steps/websteps/form_steps.go:438.29,446.4 1 0
github.com/cbush06/kosher/steps/websteps/form_steps.go:446.9,449.4 1 0
github.com/cbush06/kosher/steps/websteps/form_steps.go:451.17,453.4 1 0
github.com/cbush06/kosher/steps/websteps/form_steps.go:459.68,462.34 3 0
github.com/cbush06/kosher/steps/websteps/form_steps.go:462.34,464.3 1 0
github.com/cbush06/kosher/steps/websteps/form_steps.go:467.72,474.46 2 0
github.com/cbush06/kosher/steps/websteps/form_steps.go:474.46,477.63 2 0
github.com/cbush06/kosher/steps/websteps/form_steps.go:482.3,482.58 1 0
github.com/cbush06/kosher/steps/websteps/form_steps.go:487.3,488.19 2 0
github.com/cbush06/kosher/steps/websteps/form_steps.go:493.3,493.59 1 0
github.com/cbush06/kosher/steps/websteps/form_steps.go:497.3,497.13 1 0
github.com/cbush06/kosher/steps/websteps/form_steps.go:477.63,479.4 1 0
github.com/cbush06/kosher/steps/websteps/form_steps.go:482.58,484.4 1 0
github.com/cbush06/kosher/steps/websteps/form_steps.go:488.19,490.4 1 0
github.com/cbush06/kosher/steps/websteps/form_steps.go:493.59,495.4 1 0
github.com/cbush06/kosher/resources/configfiles/settings.json.go:4.49,48.2 1 0
github.com/cbush06/kosher/steps/websteps/navigation_verification_steps.go:11.71,13.2 1 0
github.com/cbush06/kosher/steps/websteps/navigation_verification_steps.go:15.61,16.37 1 0
github.com/cbush06/kosher/steps/websteps/navigation_verification_steps.go:16.37,22.61 2 0
github.com/cbush06/kosher/steps/websteps/navigation_verification_steps.go:27.3,34.32 4 0
github.com/cbush06/kosher/steps/websteps/navigation_verification_steps.go:37.3,37.13 1 0
github.com/cbush06/kosher/steps/websteps/navigation_verification_steps.go:22.61,24.4 1 0
github.com/cbush06/kosher/steps/websteps/navigation_verification_steps.go:34.32,36.4 1 0
github.com/cbush06/kosher/steps/websteps/navigation_verification_steps.go:42.72,44.2 1 0
github.com/cbush06/kosher/steps/websteps/navigation_verification_steps.go:47.75,49.2 1 0
github.com/cbush06/kosher/steps/websteps/navigation_verification_steps.go:52.82,53.33 1 0
github.com/cbush06/kosher/steps/websteps/navigation_verification_steps.go:53.33,62.67 2 0
github.com/cbush06/kosher/steps/websteps/navigation_verification_steps.go:66.3,66.93 1 0
github.com/cbush06/kosher/steps/websteps/navigation_verification_steps.go:70.3,71.30 2 0
github.com/cbush06/kosher/steps/websteps/navigation_verification_steps.go:76.3,76.13 1 0
github.com/cbush06/kosher/steps/websteps/navigation_verification_steps.go:62.67,64.4 1 0
github.com/cbush06/kosher/steps/websteps/navigation_verification_steps.go:66.93,68.4 1 0
github.com/cbush06/kosher/steps/websteps/navigation_verification_steps.go:71.30,73.4 1 0
github.com/cbush06/kosher/steps/websteps/navigation_verification_steps.go:73.9,73.37 1 0
github.com/cbush06/kosher/steps/websteps/navigation_verification_steps.go:73.37,75.4 1 0
github.com/cbush06/kosher/cmd/commands.go:16.13,29.2 7 0
github.com/cbush06/kosher/cmd/commands.go:31.21,33.51 2 0
github.com/cbush06/kosher/cmd/commands.go:37.2,40.22 3 0
github.com/cbush06/kosher/cmd/commands.go:33.51,35.3 1 0
github.com/cbush06/kosher/cmd/commands.go:41.15,42.41 1 0
github.com/cbush06/kosher/cmd/commands.go:43.17,44.41 1 0
github.com/cbush06/kosher/cmd/commands.go:45.10,46.75 1 0
github.com/cbush06/kosher/cmd/jira.go:26.55,29.55 2 0
github.com/cbush06/kosher/cmd/jira.go:34.4,37.75 3 0
github.com/cbush06/kosher/cmd/jira.go:41.4,41.14 1 0
github.com/cbush06/kosher/cmd/jira.go:29.55,31.5 1 0
github.com/cbush06/kosher/cmd/jira.go:37.75,39.5 1 0
github.com/cbush06/kosher/cmd/jira.go:46.56,49.2 2 0
github.com/cbush06/kosher/cmd/send.go:18.55,21.4 2 0
github.com/cbush06/kosher/cmd/send.go:25.56,27.2 1 0
github.com/cbush06/kosher/clients/client.go:19.38,20.44 1 0
github.com/cbush06/kosher/clients/client.go:24.2,25.12 2 0
github.com/cbush06/kosher/clients/client.go:20.44,23.3 2 0
github.com/cbush06/kosher/clients/client.go:29.37,30.43 1 0
github.com/cbush06/kosher/clients/client.go:34.2,35.12 2 0
github.com/cbush06/kosher/clients/client.go:30.43,33.3 2 0
github.com/cbush06/kosher/clients/client.go:39.63,43.23 3 6
github.com/cbush06/kosher/clients/client.go:44.16,49.9 1 1
github.com/cbush06/kosher/clients/client.go:50.12,55.9 1 1
github.com/cbush06/kosher/clients/client.go:56.14,61.9 1 1
github.com/cbush06/kosher/clients/client.go:62.19,67.9 1 1
github.com/cbush06/kosher/clients/client.go:68.17,73.9 1 1
github.com/cbush06/kosher/clients/client.go:74.10,75.94 1 1
github.com/cbush06/kosher/steps/websteps/mouse_steps.go:10.60,11.34 1 0
github.com/cbush06/kosher/steps/websteps/mouse_steps.go:11.34,19.58 2 0
github.com/cbush06/kosher/steps/websteps/mouse_steps.go:24.3,25.19 2 0
github.com/cbush06/kosher/steps/websteps/mouse_steps.go:30.3,30.52 1 0
github.com/cbush06/kosher/steps/websteps/mouse_steps.go:34.3,34.13 1 0
github.com/cbush06/kosher/steps/websteps/mouse_steps.go:19.58,21.4 1 0
github.com/cbush06/kosher/steps/websteps/mouse_steps.go:25.19,27.4 1 0
github.com/cbush06/kosher/steps/websteps/mouse_steps.go:30.52,32.4 1 0
github.com/cbush06/kosher/steps/websteps/navigation_steps.go:11.62,12.37 1 0
github.com/cbush06/kosher/steps/websteps/navigation_steps.go:12.37,18.57 2 0
github.com/cbush06/kosher/steps/websteps/navigation_steps.go:24.3,25.54 2 0
github.com/cbush06/kosher/steps/websteps/navigation_steps.go:28.3,28.13 1 0
github.com/cbush06/kosher/steps/websteps/navigation_steps.go:18.57,20.4 1 0
github.com/cbush06/kosher/steps/websteps/navigation_steps.go:20.9,20.30 1 0
github.com/cbush06/kosher/steps/websteps/navigation_steps.go:20.30,22.4 1 0
github.com/cbush06/kosher/steps/websteps/navigation_steps.go:25.54,27.4 1 0
github.com/cbush06/kosher/steps/websteps/navigation_steps.go:33.62,35.2 1 0
github.com/cbush06/kosher/steps/websteps/navigation_steps.go:38.57,39.38 1 0
github.com/cbush06/kosher/steps/websteps/navigation_steps.go:39.38,40.63 1 0
github.com/cbush06/kosher/steps/websteps/navigation_steps.go:43.3,43.13 1 0
github.com/cbush06/kosher/steps/websteps/navigation_steps.go:40.63,42.4 1 0
github.com/cbush06/kosher/steps/websteps/navigation_steps.go:48.62,49.37 1 0
github.com/cbush06/kosher/steps/websteps/navigation_steps.go:49.37,50.106 1 0
github.com/cbush06/kosher/steps/websteps/navigation_steps.go:53.3,53.13 1 0
github.com/cbush06/kosher/steps/websteps/navigation_steps.go:50.106,52.4 1 0
github.com/cbush06/kosher/steps/websteps/navigation_steps.go:58.63,59.37 1 0
github.com/cbush06/kosher/steps/websteps/navigation_steps.go:59.37,60.82 1 0
github.com/cbush06/kosher/steps/websteps/navigation_steps.go:63.3,63.13 1 0
github.com/cbush06/kosher/steps/websteps/navigation_steps.go:60.82,62.4 1 0
github.com/cbush06/kosher/steps/websteps/navigation_steps.go:68.65,69.22 1 0
github.com/cbush06/kosher/steps/websteps/navigation_steps.go:69.22,70.52 1 0
github.com/cbush06/kosher/steps/websteps/navigation_steps.go:73.3,73.13 1 0
github.com/cbush06/kosher/steps/websteps/navigation_steps.go:70.52,72.4 1 0
github.com/cbush06/kosher/steps/websteps/navigation_steps.go:78.59,79.22 1 0
github.com/cbush06/kosher/steps/websteps/navigation_steps.go:79.22,80.47 1 0
github.com/cbush06/kosher/steps/websteps/navigation_steps.go:83.3,83.13 1 0
github.com/cbush06/kosher/steps/websteps/navigation_steps.go:80.47,82.4 1 0
github.com/cbush06/kosher/steps/websteps/navigation_steps.go:88.60,89.22 1 0
github.com/cbush06/kosher/steps/websteps/navigation_steps.go:89.22,90.46 1 0
github.com/cbush06/kosher/steps/websteps/navigation_steps.go:93.3,93.13 1 0
github.com/cbush06/kosher/steps/websteps/navigation_steps.go:90.46,92.4 1 0
github.com/cbush06/kosher/steps/websteps/navigation_steps.go:98.66,99.33 1 0
github.com/cbush06/kosher/steps/websteps/navigation_steps.go:99.33,106.67 2 0
github.com/cbush06/kosher/steps/websteps/navigation_steps.go:110.3,110.65 1 0
github.com/cbush06/kosher/steps/websteps/navigation_steps.go:113.3,113.13 1 0
github.com/cbush06/kosher/steps/websteps/navigation_steps.go:106.67,108.4 1 0
github.com/cbush06/kosher/steps/websteps/navigation_steps.go:110.65,112.4 1 0
github.com/cbush06/kosher/steps/websteps/page_verification.go:18.60,20.2 1 0
github.com/cbush06/kosher/steps/websteps/page_verification.go:22.63,24.2 1 0
github.com/cbush06/kosher/steps/websteps/page_verification.go:26.84,29.51 2 0
github.com/cbush06/kosher/steps/websteps/page_verification.go:29.51,30.52 1 0
github.com/cbush06/kosher/steps/websteps/page_verification.go:34.3,34.39 1 0
github.com/cbush06/kosher/steps/websteps/page_verification.go:42.3,42.13 1 0
github.com/cbush06/kosher/steps/websteps/page_verification.go:30.52,32.4 1 0
github.com/cbush06/kosher/steps/websteps/page_verification.go:34.39,35.35 1 0
github.com/cbush06/kosher/steps/websteps/page_verification.go:35.35,36.54 1 0
github.com/cbush06/kosher/steps/websteps/page_verification.go:36.54,38.6 1 0
github.com/cbush06/kosher/steps/websteps/page_verification.go:46.85,49.51 2 0
github.com/cbush06/kosher/steps/websteps/page_verification.go:49.51,50.43 1 0
github.com/cbush06/kosher/steps/websteps/page_verification.go:55.3,55.13 1 0
github.com/cbush06/kosher/steps/websteps/page_verification.go:50.43,51.65 1 0
github.com/cbush06/kosher/steps/websteps/page_verification.go:51.65,53.5 1 0
github.com/cbush06/kosher/steps/websteps/page_verification.go:59.76,60.33 1 0
github.com/cbush06/kosher/steps/websteps/page_verification.go:60.33,73.67 2 0
github.com/cbush06/kosher/steps/websteps/page_verification.go:77.3,78.52 2 0
github.com/cbush06/kosher/steps/websteps/page_verification.go:82.3,82.36 1 0
github.com/cbush06/kosher/steps/websteps/page_verification.go:87.3,87.35 1 0
github.com/cbush06/kosher/steps/websteps/page_verification.go:101.3,101.36 1 0
github.com/cbush06/kosher/steps/websteps/page_verification.go:107.3,107.13 1 0
github.com/cbush06/kosher/steps/websteps/page_verification.go:73.67,75.4 1 0
github.com/cbush06/kosher/steps/websteps/page_verification.go:78.52,80.4 1 0
github.com/cbush06/kosher/steps/websteps/page_verification.go:82.36,84.4 1 0
github.com/cbush06/kosher/steps/websteps/page_verification.go:87.35,89.55 2 0
github.com/cbush06/kosher/steps/websteps/page_verification.go:92.4,92.57 1 0
github.com/cbush06/kosher/steps/websteps/page_verification.go:95.4,95.44 1 0
github.com/cbush06/kosher/steps/websteps/page_verification.go:89.55,91.5 1 0
github.com/cbush06/kosher/steps/websteps/page_verification.go:92.57,94.5 1 0
github.com/cbush06/kosher/steps/websteps/page_verification.go:95.44,97.5 1 0
github.com/cbush06/kosher/steps/websteps/page_verification.go:101.36,103.4 1 0
github.com/cbush06/kosher/steps/websteps/page_verification.go:103.9,103.44 1 0
github.com/cbush06/kosher/steps/websteps/page_verification.go:103.44,105.4 1 0
github.com/cbush06/kosher/steps/websteps/page_verification.go:111.70,113.2 1 0
github.com/cbush06/kosher/steps/websteps/page_verification.go:115.73,117.2 1 0
github.com/cbush06/kosher/steps/websteps/page_verification.go:119.86,120.33 1 0
github.com/cbush06/kosher/steps/websteps/page_verification.go:120.33,129.57 2 0
github.com/cbush06/kosher/steps/websteps/page_verification.go:142.3,142.41 1 0
github.com/cbush06/kosher/steps/websteps/page_verification.go:148.3,148.13 1 0
github.com/cbush06/kosher/steps/websteps/page_verification.go:129.57,132.31 2 0
github.com/cbush06/kosher/steps/websteps/page_verification.go:132.31,133.73 1 0
github.com/cbush06/kosher/steps/websteps/page_verification.go:133.73,135.6 1 0
github.com/cbush06/kosher/steps/websteps/page_verification.go:135.11,135.106 1 0
github.com/cbush06/kosher/steps/websteps/page_verification.go:135.106,137.6 1 0
github.com/cbush06/kosher/steps/websteps/page_verification.go:142.41,144.4 1 0
github.com/cbush06/kosher/steps/websteps/page_verification.go:144.9,144.49 1 0
github.com/cbush06/kosher/steps/websteps/page_verification.go:144.49,146.4 1 0
github.com/cbush06/kosher/steps/websteps/page_verification.go:152.66,153.34 1 0
github.com/cbush06/kosher/steps/websteps/page_verification.go:153.34,155.3 1 0
github.com/cbush06/kosher/steps/websteps/page_verification.go:158.65,159.34 1 0
github.com/cbush06/kosher/steps/websteps/page_verification.go:159.34,161.3 1 0
github.com/cbush06/kosher/steps/websteps/page_verification.go:164.89,166.2 1 0
github.com/cbush06/kosher/steps/websteps/page_verification.go:168.90,170.2 1 0
github.com/cbush06/kosher/steps/websteps/page_verification.go:172.96,173.46 1 0
github.com/cbush06/kosher/steps/websteps/page_verification.go:173.46,182.58 2 0
github.com/cbush06/kosher/steps/websteps/page_verification.go:187.3,188.19 2 0
github.com/cbush06/kosher/steps/websteps/page_verification.go:193.3,193.54 1 0
github.com/cbush06/kosher/steps/websteps/page_verification.go:212.3,212.28 1 0
github.com/cbush06/kosher/steps/websteps/page_verification.go:217.3,220.34 3 0
github.com/cbush06/kosher/steps/websteps/page_verification.go:225.3,225.13 1 0
github.com/cbush06/kosher/steps/websteps/page_verification.go:182.58,184.4 1 0
github.com/cbush06/kosher/steps/websteps/page_verification.go:188.19,190.4 1 0
github.com/cbush06/kosher/steps/websteps/page_verification.go:193.54,194.39 1 0
github.com/cbush06/kosher/steps/websteps/page_verification.go:194.39,197.5 1 0
github.com/cbush06/kosher/steps/websteps/page_verification.go:197.10,197.45 1 0
github.com/cbush06/kosher/steps/websteps/page_verification.go:197.45,200.5 1 0
github.com/cbush06/kosher/steps/websteps/page_verification.go:200.10,205.51 3 0
github.com/cbush06/kosher/steps/websteps/page_verification.go:208.5,208.40 1 0
github.com/cbush06/kosher/steps/websteps/page_verification.go:205.51,207.6 1 0
github.com/cbush06/kosher/steps/websteps/page_verification.go:212.28,214.4 1 0
github.com/cbush06/kosher/steps/websteps/page_verification.go:220.34,222.4 1 0
github.com/cbush06/kosher/steps/websteps/page_verification.go:222.9,222.43 1 0
github.com/cbush06/kosher/steps/websteps/page_verification.go:222.43,224.4 1 0
github.com/cbush06/kosher/steps/websteps/page_verification.go:229.82,231.2 1 0
github.com/cbush06/kosher/steps/websteps/page_verification.go:233.85,235.2 1 0
github.com/cbush06/kosher/steps/websteps/page_verification.go:237.104,238.61 1 0
github.com/cbush06/kosher/steps/websteps/page_verification.go:238.61,250.15 2 0
github.com/cbush06/kosher/steps/websteps/page_verification.go:259.3,259.52 1 0
github.com/cbush06/kosher/steps/websteps/page_verification.go:263.3,263.36 1 0
github.com/cbush06/kosher/steps/websteps/page_verification.go:268.3,268.35 1 0
github.com/cbush06/kosher/steps/websteps/page_verification.go:287.3,287.36 1 0
github.com/cbush06/kosher/steps/websteps/page_verification.go:293.3,293.13 1 0
github.com/cbush06/kosher/steps/websteps/page_verification.go:251.13,252.93 1 0
github.com/cbush06/kosher/steps/websteps/page_verification.go:253.15,254.95 1 0
github.com/cbush06/kosher/steps/websteps/page_verification.go:255.11,256.79 1 0
github.com/cbush06/kosher/steps/websteps/page_verification.go:259.52,261.4 1 0
github.com/cbush06/kosher/steps/websteps/page_verification.go:263.36,265.4 1 0
github.com/cbush06/kosher/steps/websteps/page_verification.go:268.35,271.20 2 0
github.com/cbush06/kosher/steps/websteps/page_verification.go:275.4,275.55 1 0
github.com/cbush06/kosher/steps/websteps/page_verification.go:278.4,278.57 1 0
github.com/cbush06/kosher/steps/websteps/page_verification.go:281.4,281.44 1 0
github.com/cbush06/kosher/steps/websteps/page_verification.go:271.20,272.13 1 0
github.com/cbush06/kosher/steps/websteps/page_verification.go:275.55,277.5 1 0
github.com/cbush06/kosher/steps/websteps/page_verification.go:278.57,280.5 1 0
github.com/cbush06/kosher/steps/websteps/page_verification.go:281.44,283.5 1 0
github.com/cbush06/kosher/steps/websteps/page_verification.go:287.36,289.4 1 0
github.com/cbush06/kosher/steps/websteps/page_verification.go:289.9,289.44 1 0
github.com/cbush06/kosher/steps/websteps/page_verification.go:289.44,291.4 1 0
github.com/cbush06/kosher/steps/websteps/page_verification.go:297.77,299.2 1 0
github.com/cbush06/kosher/steps/websteps/page_verification.go:301.80,303.2 1 0
github.com/cbush06/kosher/steps/websteps/page_verification.go:305.83,306.36 1 0
github.com/cbush06/kosher/steps/websteps/page_verification.go:306.36,317.79 2 0
github.com/cbush06/kosher/steps/websteps/page_verification.go:321.3,325.52 3 0
github.com/cbush06/kosher/steps/websteps/page_verification.go:329.3,329.35 1 0
github.com/cbush06/kosher/steps/websteps/page_verification.go:337.3,337.36 1 0
github.com/cbush06/kosher/steps/websteps/page_verification.go:341.3,341.37 1 0
github.com/cbush06/kosher/steps/websteps/page_verification.go:345.3,345.13 1 0
github.com/cbush06/kosher/steps/websteps/page_verification.go:317.79,319.4 1 0
github.com/cbush06/kosher/steps/websteps/page_verification.go:325.52,327.4 1 0
github.com/cbush06/kosher/steps/websteps/page_verification.go:329.35,330.61 1 0
github.com/cbush06/kosher/steps/websteps/page_verification.go:330.61,332.5 1 0
github.com/cbush06/kosher/steps/websteps/page_verification.go:332.10,332.24 1 0
github.com/cbush06/kosher/steps/websteps/page_verification.go:332.24,334.5 1 0
github.com/cbush06/kosher/steps/websteps/page_verification.go:337.36,339.4 1 0
github.com/cbush06/kosher/steps/websteps/page_verification.go:341.37,343.4 1 0
github.com/cbush06/kosher/steps/websteps/page_verification.go:349.70,351.2 1 0
github.com/cbush06/kosher/steps/websteps/page_verification.go:353.73,355.2 1 0
github.com/cbush06/kosher/steps/websteps/page_verification.go:357.97,358.34 1 0
github.com/cbush06/kosher/steps/websteps/page_verification.go:358.34,366.58 2 0
github.com/cbush06/kosher/steps/websteps/page_verification.go:373.3,373.18 1 0
github.com/cbush06/kosher/steps/websteps/page_verification.go:377.3,377.113 1 0
github.com/cbush06/kosher/steps/websteps/page_verification.go:366.58,367.73 1 0
github.com/cbush06/kosher/steps/websteps/page_verification.go:370.4,370.34 1 0
github.com/cbush06/kosher/steps/websteps/page_verification.go:367.73,369.5 1 0
github.com/cbush06/kosher/steps/websteps/page_verification.go:373.18,375.4 1 0
github.com/cbush06/kosher/steps/websteps/page_verification.go:381.78,383.2 1 0
github.com/cbush06/kosher/steps/websteps/page_verification.go:385.81,387.2 1 0
github.com/cbush06/kosher/steps/websteps/page_verification.go:389.108,390.48 1 0
github.com/cbush06/kosher/steps/websteps/page_verification.go:390.48,400.69 2 0
github.com/cbush06/kosher/steps/websteps/page_verification.go:405.3,405.58 1 0
github.com/cbush06/kosher/steps/websteps/page_verification.go:410.3,410.56 1 0
github.com/cbush06/kosher/steps/websteps/page_verification.go:415.3,415.78 1 0
github.com/cbush06/kosher/steps/websteps/page_verification.go:422.3,422.21 1 0
github.com/cbush06/kosher/steps/websteps/page_verification.go:425.3,425.104 1 0
github.com/cbush06/kosher/steps/websteps/page_verification.go:400.69,402.4 1 0
github.com/cbush06/kosher/steps/websteps/page_verification.go:405.58,407.4 1 0
github.com/cbush06/kosher/steps/websteps/page_verification.go:410.56,412.4 1 0
github.com/cbush06/kosher/steps/websteps/page_verification.go:415.78,416.21 1 0
github.com/cbush06/kosher/steps/websteps/page_verification.go:419.4,419.104 1 0
github.com/cbush06/kosher/steps/websteps/page_verification.go:416.21,418.5 1 0
github.com/cbush06/kosher/steps/websteps/page_verification.go:422.21,424.4 1 0
github.com/cbush06/kosher/resources/configfiles/pages.json.go:4.28,10.2 1 0
github.com/cbush06/kosher/steps/websteps/form_verification_steps.go:16.73,18.2 1 0
github.com/cbush06/kosher/steps/websteps/form_verification_steps.go:20.70,21.34 1 0
github.com/cbush06/kosher/steps/websteps/form_verification_steps.go:21.34,29.58 2 0
github.com/cbush06/kosher/steps/websteps/form_verification_steps.go:34.3,35.19 2 0
github.com/cbush06/kosher/steps/websteps/form_verification_steps.go:40.3,50.35 6 0
github.com/cbush06/kosher/steps/websteps/form_verification_steps.go:54.3,54.13 1 0
github.com/cbush06/kosher/steps/websteps/form_verification_steps.go:29.58,31.4 1 0
github.com/cbush06/kosher/steps/websteps/form_verification_steps.go:35.19,37.4 1 0
github.com/cbush06/kosher/steps/websteps/form_verification_steps.go:50.35,52.4 1 0
github.com/cbush06/kosher/steps/websteps/form_verification_steps.go:58.92,61.64 2 0
github.com/cbush06/kosher/steps/websteps/form_verification_steps.go:61.64,63.3 1 0
github.com/cbush06/kosher/steps/websteps/form_verification_steps.go:66.71,68.2 1 0
github.com/cbush06/kosher/steps/websteps/form_verification_steps.go:70.95,73.64 2 0
github.com/cbush06/kosher/steps/websteps/form_verification_steps.go:73.64,75.3 1 0
github.com/cbush06/kosher/steps/websteps/form_verification_steps.go:78.74,80.2 1 0
github.com/cbush06/kosher/steps/websteps/form_verification_steps.go:82.93,83.48 1 0
github.com/cbush06/kosher/steps/websteps/form_verification_steps.go:83.48,94.69 2 0
github.com/cbush06/kosher/steps/websteps/form_verification_steps.go:99.3,99.58 1 0
github.com/cbush06/kosher/steps/websteps/form_verification_steps.go:104.3,105.19 2 0
github.com/cbush06/kosher/steps/websteps/form_verification_steps.go:110.3,113.39 2 0
github.com/cbush06/kosher/steps/websteps/form_verification_steps.go:133.3,133.16 1 0
github.com/cbush06/kosher/steps/websteps/form_verification_steps.go:140.3,140.21 1 0
github.com/cbush06/kosher/steps/websteps/form_verification_steps.go:144.3,144.111 1 0
github.com/cbush06/kosher/steps/websteps/form_verification_steps.go:94.69,96.4 1 0
github.com/cbush06/kosher/steps/websteps/form_verification_steps.go:99.58,101.4 1 0
github.com/cbush06/kosher/steps/websteps/form_verification_steps.go:105.19,107.4 1 0
github.com/cbush06/kosher/steps/websteps/form_verification_steps.go:113.39,116.4 2 0
github.com/cbush06/kosher/steps/websteps/form_verification_steps.go:116.9,118.70 2 0
github.com/cbush06/kosher/steps/websteps/form_verification_steps.go:122.4,122.21 1 0
github.com/cbush06/kosher/steps/websteps/form_verification_steps.go:118.70,120.5 1 0
github.com/cbush06/kosher/steps/websteps/form_verification_steps.go:123.16,126.172 3 0
github.com/cbush06/kosher/steps/websteps/form_verification_steps.go:127.12,128.74 1 0
github.com/cbush06/kosher/steps/websteps/form_verification_steps.go:133.16,134.21 1 0
github.com/cbush06/kosher/steps/websteps/form_verification_steps.go:137.4,137.116 1 0
github.com/cbush06/kosher/steps/websteps/form_verification_steps.go:134.21,136.5 1 0
github.com/cbush06/kosher/steps/websteps/form_verification_steps.go:140.21,142.4 1 0
github.com/cbush06/kosher/steps/websteps/form_verification_steps.go:148.99,150.2 1 0
github.com/cbush06/kosher/steps/websteps/form_verification_steps.go:152.107,154.2 1 0
github.com/cbush06/kosher/steps/websteps/form_verification_steps.go:156.110,158.2 1 0
github.com/cbush06/kosher/steps/websteps/form_verification_steps.go:160.116,161.70 1 0
github.com/cbush06/kosher/steps/websteps/form_verification_steps.go:161.70,171.58 2 0
github.com/cbush06/kosher/steps/websteps/form_verification_steps.go:176.3,177.19 2 0
github.com/cbush06/kosher/steps/websteps/form_verification_steps.go:182.3,182.70 1 0
github.com/cbush06/kosher/steps/websteps/form_verification_steps.go:189.3,193.48 3 0
github.com/cbush06/kosher/steps/websteps/form_verification_steps.go:201.3,205.50 3 0
github.com/cbush06/kosher/steps/websteps/form_verification_steps.go:210.3,213.35 2 0
github.com/cbush06/kosher/steps/websteps/form_verification_steps.go:216.3,216.38 1 0
github.com/cbush06/kosher/steps/websteps/form_verification_steps.go:222.3,222.13 1 0
github.com/cbush06/kosher/steps/websteps/form_verification_steps.go:171.58,173.4 1 0
github.com/cbush06/kosher/steps/websteps/form_verification_steps.go:177.19,179.4 1 0
github.com/cbush06/kosher/steps/websteps/form_verification_steps.go:182.70,184.4 1 0
github.com/cbush06/kosher/steps/websteps/form_verification_steps.go:184.9,184.53 1 0
github.com/cbush06/kosher/steps/websteps/form_verification_steps.go:184.53,186.4 1 0
github.com/cbush06/kosher/steps/websteps/form_verification_steps.go:193.48,195.106 1 0
github.com/cbush06/kosher/steps/websteps/form_verification_steps.go:199.4,199.50 1 0
github.com/cbush06/kosher/steps/websteps/form_verification_steps.go:195.106,197.5 1 0
github.com/cbush06/kosher/steps/websteps/form_verification_steps.go:205.50,206.82 1 0
github.com/cbush06/kosher/steps/websteps/form_verification_steps.go:206.82,208.5 1 0
github.com/cbush06/kosher/steps/websteps/form_verification_steps.go:213.35,215.4 1 0
github.com/cbush06/kosher/steps/websteps/form_verification_steps.go:216.38,217.32 1 0
github.com/cbush06/kosher/steps/websteps/form_verification_steps.go:217.32,219.5 1 0
github.com/cbush06/kosher/steps/websteps/form_verification_steps.go:226.66,228.2 1 0
github.com/cbush06/kosher/steps/websteps/form_verification_steps.go:230.69,232.2 1 0
github.com/cbush06/kosher/steps/websteps/form_verification_steps.go:234.92,235.34 1 0
github.com/cbush06/kosher/steps/websteps/form_verification_steps.go:235.34,243.58 2 0
github.com/cbush06/kosher/steps/websteps/form_verification_steps.go:248.3,249.19 2 0
github.com/cbush06/kosher/steps/websteps/form_verification_steps.go:254.3,254.70 1 0
github.com/cbush06/kosher/steps/websteps/form_verification_steps.go:261.3,265.68 3 0
github.com/cbush06/kosher/steps/websteps/form_verification_steps.go:270.3,271.20 2 0
github.com/cbush06/kosher/steps/websteps/form_verification_steps.go:277.3,277.39 1 0
github.com/cbush06/kosher/steps/websteps/form_verification_steps.go:243.58,245.4 1 0
github.com/cbush06/kosher/steps/websteps/form_verification_steps.go:249.19,251.4 1 0
github.com/cbush06/kosher/steps/websteps/form_verification_steps.go:254.70,256.4 1 0
github.com/cbush06/kosher/steps/websteps/form_verification_steps.go:256.9,256.97 1 0
github.com/cbush06/kosher/steps/websteps/form_verification_steps.go:256.97,258.4 1 0
github.com/cbush06/kosher/steps/websteps/form_verification_steps.go:265.68,267.4 1 0
github.com/cbush06/kosher/steps/websteps/form_verification_steps.go:271.20,273.4 1 0
github.com/cbush06/kosher/steps/websteps/form_verification_steps.go:273.9,275.4 1 0
github.com/cbush06/kosher/resources/configfiles/environments.json.go:4.35,11.2 1 0
github.com/cbush06/kosher/steps/steputils/steputils.go:30.76,35.2 1 0
github.com/cbush06/kosher/steps/steputils/steputils.go:38.66,39.39 1 0
github.com/cbush06/kosher/steps/steputils/steputils.go:44.2,52.30 4 0
github.com/cbush06/kosher/steps/steputils/steputils.go:39.39,41.3 1 0
github.com/cbush06/kosher/steps/steputils/steputils.go:57.79,65.22 3 0
github.com/cbush06/kosher/steps/steputils/steputils.go:84.2,85.23 2 0
github.com/cbush06/kosher/steps/steputils/steputils.go:194.2,194.65 1 0
github.com/cbush06/kosher/steps/steputils/steputils.go:65.22,66.24 1 0
github.com/cbush06/kosher/steps/steputils/steputils.go:71.3,72.30 2 0
github.com/cbush06/kosher/steps/steputils/steputils.go:81.3,81.20 1 0
github.com/cbush06/kosher/steps/steputils/steputils.go:66.24,68.4 1 0
github.com/cbush06/kosher/steps/steputils/steputils.go:72.30,73.33 1 0
github.com/cbush06/kosher/steps/steputils/steputils.go:74.21,75.28 1 0
github.com/cbush06/kosher/steps/steputils/steputils.go:76.12,77.59 1 0
github.com/cbush06/kosher/steps/steputils/steputils.go:85.23,91.23 4 0
github.com/cbush06/kosher/steps/steputils/steputils.go:118.3,118.23 1 0
github.com/cbush06/kosher/steps/steputils/steputils.go:92.14,95.20 3 0
github.com/cbush06/kosher/steps/steputils/steputils.go:102.4,102.9 1 0
github.com/cbush06/kosher/steps/steputils/steputils.go:103.16,106.20 3 0
github.com/cbush06/kosher/steps/steputils/steputils.go:113.4,113.9 1 0
github.com/cbush06/kosher/steps/steputils/steputils.go:114.11,115.134 1 0
github.com/cbush06/kosher/steps/steputils/steputils.go:95.20,96.35 1 0
github.com/cbush06/kosher/steps/steputils/steputils.go:96.35,97.78 1 0
github.com/cbush06/kosher/steps/steputils/steputils.go:97.78,99.7 1 0
github.com/cbush06/kosher/steps/steputils/steputils.go:106.20,107.35 1 0
github.com/cbush06/kosher/steps/steputils/steputils.go:107.35,108.78 1 0
github.com/cbush06/kosher/steps/steputils/steputils.go:108.78,110.7 1 0
github.com/cbush06/kosher/steps/steputils/steputils.go:118.23,120.4 1 0
github.com/cbush06/kosher/steps/steputils/steputils.go:121.8,127.19 4 0
github.com/cbush06/kosher/steps/steputils/steputils.go:136.3,138.19 3 0
github.com/cbush06/kosher/steps/steputils/steputils.go:147.3,149.19 3 0
github.com/cbush06/kosher/steps/steputils/steputils.go:158.3,160.19 3 0
github.com/cbush06/kosher/steps/steputils/steputils.go:169.3,171.19 3 0
github.com/cbush06/kosher/steps/steputils/steputils.go:180.3,182.19 3 0
github.com/cbush06/kosher/steps/steputils/steputils.go:190.3,190.23 1 0
github.com/cbush06/kosher/steps/steputils/steputils.go:127.19,128.34 1 0
github.com/cbush06/kosher/steps/steputils/steputils.go:128.34,129.77 1 0
github.com/cbush06/kosher/steps/steputils/steputils.go:129.77,131.6 1 0
github.com/cbush06/kosher/steps/steputils/steputils.go:138.19,139.34 1 0
github.com/cbush06/kosher/steps/steputils/steputils.go:139.34,140.77 1 0
github.com/cbush06/kosher/steps/steputils/steputils.go:140.77,142.6 1 0
github.com/cbush06/kosher/steps/steputils/steputils.go:149.19,150.34 1 0
github.com/cbush06/kosher/steps/steputils/steputils.go:150.34,151.77 1 0
github.com/cbush06/kosher/steps/steputils/steputils.go:151.77,153.6 1 0
github.com/cbush06/kosher/steps/steputils/steputils.go:160.19,161.34 1 0
github.com/cbush06/kosher/steps/steputils/steputils.go:161.34,162.77 1 0
github.com/cbush06/kosher/steps/steputils/steputils.go:162.77,164.6 1 0
github.com/cbush06/kosher/steps/steputils/steputils.go:171.19,172.34 1 0
github.com/cbush06/kosher/steps/steputils/steputils.go:172.34,173.77 1 0
github.com/cbush06/kosher/steps/steputils/steputils.go:173.77,175.6 1 0
github.com/cbush06/kosher/steps/steputils/steputils.go:182.19,183.34 1 0
github.com/cbush06/kosher/steps/steputils/steputils.go:183.34,184.77 1 0
github.com/cbush06/kosher/steps/steputils/steputils.go:184.77,186.6 1 0
github.com/cbush06/kosher/steps/steputils/steputils.go:190.23,192.4 1 0
github.com/cbush06/kosher/steps/steputils/steputils.go:198.51,205.89 2 0
github.com/cbush06/kosher/steps/steputils/steputils.go:209.2,209.65 1 0
github.com/cbush06/kosher/steps/steputils/steputils.go:217.2,217.29 1 0
github.com/cbush06/kosher/steps/steputils/steputils.go:221.2,221.22 1 0
github.com/cbush06/kosher/steps/steputils/steputils.go:205.89,207.3 1 0
github.com/cbush06/kosher/steps/steputils/steputils.go:209.65,212.3 2 0
github.com/cbush06/kosher/steps/steputils/steputils.go:212.8,215.3 2 0
github.com/cbush06/kosher/steps/steputils/steputils.go:217.29,219.3 1 0
github.com/cbush06/kosher/steps/steputils/steputils.go:227.86,237.44 2 0
github.com/cbush06/kosher/steps/steputils/steputils.go:244.2,244.50 1 0
github.com/cbush06/kosher/steps/steputils/steputils.go:249.2,249.34 1 0
github.com/cbush06/kosher/steps/steputils/steputils.go:237.44,239.3 1 0
github.com/cbush06/kosher/steps/steputils/steputils.go:239.8,239.26 1 0
github.com/cbush06/kosher/steps/steputils/steputils.go:239.26,241.3 1 0
github.com/cbush06/kosher/steps/steputils/steputils.go:244.50,246.3 1 0
github.com/cbush06/kosher/steps/steputils/steputils.go:250.15,251.64 1 0
github.com/cbush06/kosher/steps/steputils/steputils.go:254.3,254.24 1 0
github.com/cbush06/kosher/steps/steputils/steputils.go:255.10,256.22 1 0
github.com/cbush06/kosher/steps/steputils/steputils.go:251.64,253.4 1 0
github.com/cbush06/kosher/steps/steputils/steputils.go:261.52,264.2 2 0
github.com/cbush06/kosher/steps/steputils/steputils.go:267.54,270.2 2 0
github.com/cbush06/kosher/steps/steputils/steputils.go:273.75,279.61 2 0
github.com/cbush06/kosher/steps/steputils/steputils.go:283.2,283.19 1 0
github.com/cbush06/kosher/steps/steputils/steputils.go:279.61,281.3 1 0
github.com/cbush06/kosher/steps/steputils/steputils.go:285.77,286.14 1 0
github.com/cbush06/kosher/steps/steputils/steputils.go:287.10,288.15 1 0
github.com/cbush06/kosher/steps/steputils/steputils.go:293.75,299.61 2 0
github.com/cbush06/kosher/steps/steputils/steputils.go:303.2,303.19 1 0
github.com/cbush06/kosher/steps/steputils/steputils.go:299.61,301.3 1 0
github.com/cbush06/kosher/steps/steputils/steputils.go:304.132,305.14 1 0
github.com/cbush06/kosher/steps/steputils/steputils.go:306.10,307.15 1 0
github.com/cbush06/kosher/steps/steputils/steputils.go:313.84,320.38 4 0
github.com/cbush06/kosher/steps/steputils/steputils.go:326.2,326.16 1 0
github.com/cbush06/kosher/steps/steputils/steputils.go:320.38,324.3 3 0
github.com/cbush06/kosher/steps/steputils/steputils.go:330.67,335.36 4 0
github.com/cbush06/kosher/steps/steputils/steputils.go:346.2,346.30 1 0
github.com/cbush06/kosher/steps/steputils/steputils.go:335.36,336.62 1 0
github.com/cbush06/kosher/steps/steputils/steputils.go:337.58,338.98 1 0
github.com/cbush06/kosher/steps/steputils/steputils.go:339.23,340.95 1 0
github.com/cbush06/kosher/steps/steputils/steputils.go:341.11,342.69 1 0
github.com/cbush06/kosher/steps/steputils/steputils.go:349.53,352.18 2 0
github.com/cbush06/kosher/steps/steputils/steputils.go:358.2,358.13 1 0
github.com/cbush06/kosher/steps/steputils/steputils.go:353.22,354.75 1 0
github.com/cbush06/kosher/steps/steputils/steputils.go:355.10,356.12 1 0
github.com/cbush06/kosher/steps/steputils/steputils.go:362.56,363.18 1 0
github.com/cbush06/kosher/steps/steputils/steputils.go:364.19,365.24 1 0
github.com/cbush06/kosher/steps/steputils/steputils.go:366.15,367.24 1 0
github.com/cbush06/kosher/steps/steputils/steputils.go:368.16,369.24 1 0
github.com/cbush06/kosher/steps/steputils/steputils.go:370.15,371.24 1 0
github.com/cbush06/kosher/steps/steputils/steputils.go:372.16,373.24 1 0
github.com/cbush06/kosher/steps/steputils/steputils.go:374.10,375.12 1 0
github.com/cbush06/kosher/resources/reporttemplates/bootstrap.go:4.36,323.2 1 0
github.com/cbush06/kosher/report/report.go:19.43,22.22 2 0
github.com/cbush06/kosher/report/report.go:41.2,41.12 1 0
github.com/cbush06/kosher/report/report.go:23.37,24.26 1 0
github.com/cbush06/kosher/report/report.go:25.28,26.39 1 0
github.com/cbush06/kosher/report/report.go:27.15,28.88 1 0
github.com/cbush06/kosher/report/report.go:33.18,34.89 1 0
github.com/cbush06/kosher/report/report.go:28.88,30.4 1 0
github.com/cbush06/kosher/report/report.go:30.9,32.4 1 0
github.com/cbush06/kosher/report/report.go:34.89,36.4 1 0
github.com/cbush06/kosher/report/report.go:36.9,38.4 1 0
github.com/cbush06/kosher/integrations/integrations.go:20.51,31.97 2 0
github.com/cbush06/kosher/integrations/integrations.go:38.2,38.109 1 0
github.com/cbush06/kosher/integrations/integrations.go:43.2,43.60 1 0
github.com/cbush06/kosher/integrations/integrations.go:48.2,51.16 2 0
github.com/cbush06/kosher/integrations/integrations.go:56.2,56.38 1 0
github.com/cbush06/kosher/integrations/integrations.go:31.97,33.3 1 0
github.com/cbush06/kosher/integrations/integrations.go:33.8,33.24 1 0
github.com/cbush06/kosher/integrations/integrations.go:33.24,35.3 1 0
github.com/cbush06/kosher/integrations/integrations.go:38.109,40.3 1 0
github.com/cbush06/kosher/integrations/integrations.go:43.60,45.3 1 0
github.com/cbush06/kosher/integrations/integrations.go:52.12,53.26 1 0
github.com/cbush06/kosher/common/utils.go:9.53,12.2 2 0
github.com/cbush06/kosher/common/utils.go:15.57,18.30 3 0
github.com/cbush06/kosher/common/utils.go:21.2,22.51 2 0
github.com/cbush06/kosher/common/utils.go:18.30,20.3 1 0
github.com/cbush06/kosher/report/html_report.go:25.52,29.2 1 0
github.com/cbush06/kosher/report/html_report.go:33.51,36.2 2 0
github.com/cbush06/kosher/report/html_report.go:40.38,58.22 6 0
github.com/cbush06/kosher/report/html_report.go:67.2,67.55 1 0
github.com/cbush06/kosher/report/html_report.go:72.2,73.136 2 0
github.com/cbush06/kosher/report/html_report.go:76.2,76.52 1 0
github.com/cbush06/kosher/report/html_report.go:79.2,79.42 1 0
github.com/cbush06/kosher/report/html_report.go:84.2,85.136 2 0
github.com/cbush06/kosher/report/html_report.go:88.2,88.65 1 0
github.com/cbush06/kosher/report/html_report.go:93.2,93.42 1 0
github.com/cbush06/kosher/report/html_report.go:97.2,97.12 1 0
github.com/cbush06/kosher/report/html_report.go:59.27,60.85 1 0
github.com/cbush06/kosher/report/html_report.go:61.16,62.79 1 0
github.com/cbush06/kosher/report/html_report.go:63.10,64.95 1 0
github.com/cbush06/kosher/report/html_report.go:67.55,69.3 1 0
github.com/cbush06/kosher/report/html_report.go:73.136,75.3 1 0
github.com/cbush06/kosher/report/html_report.go:76.52,78.3 1 0
github.com/cbush06/kosher/report/html_report.go:79.42,81.3 1 0
github.com/cbush06/kosher/report/html_report.go:85.136,87.3 1 0
github.com/cbush06/kosher/report/html_report.go:88.65,90.3 1 0
github.com/cbush06/kosher/report/html_report.go:90.8,90.42 1 0
github.com/cbush06/kosher/report/html_report.go:90.42,92.3 1 0
github.com/cbush06/kosher/report/html_report.go:93.42,95.3 1 0
github.com/cbush06/kosher/resources/configfiles/settings-desktop.json.go:4.56,30.2 1 0
github.com/cbush06/kosher/resources/reporttemplates/simple.go:5.33,177.2 1 0
github.com/cbush06/kosher/report/cucumber_format.go:41.52,42.23 1 0
github.com/cbush06/kosher/report/cucumber_format.go:45.2,45.11 1 0
github.com/cbush06/kosher/report/cucumber_format.go:42.23,44.3 1 0
github.com/cbush06/kosher/report/cucumber_format.go:72.47,74.2 1 0
github.com/cbush06/kosher/report/cucumber_format.go:77.44,79.2 1 0
github.com/cbush06/kosher/report/cucumber_format.go:106.50,108.2 1 0
github.com/cbush06/kosher/report/cucumber_format.go:111.54,113.2 1 0
github.com/cbush06/kosher/report/cucumber_format.go:136.54,138.2 1 0
github.com/cbush06/kosher/report/cucumber_format.go:164.59,185.2 1 0
github.com/cbush06/kosher/report/cucumber_format.go:188.67,189.65 1 0
github.com/cbush06/kosher/report/cucumber_format.go:193.2,193.39 1 0
github.com/cbush06/kosher/report/cucumber_format.go:250.2,250.12 1 0
github.com/cbush06/kosher/report/cucumber_format.go:189.65,191.3 1 0
github.com/cbush06/kosher/report/cucumber_format.go:193.39,196.46 2 0
github.com/cbush06/kosher/report/cucumber_format.go:245.3,247.47 3 0
github.com/cbush06/kosher/report/cucumber_format.go:196.46,199.44 2 0
github.com/cbush06/kosher/report/cucumber_format.go:224.4,234.31 9 0
github.com/cbush06/kosher/report/cucumber_format.go:242.4,242.21 1 0
github.com/cbush06/kosher/report/cucumber_format.go:199.44,202.30 2 0
github.com/cbush06/kosher/report/cucumber_format.go:206.5,206.31 1 0
github.com/cbush06/kosher/report/cucumber_format.go:217.5,217.36 1 0
github.com/cbush06/kosher/report/cucumber_format.go:221.5,221.19 1 0
github.com/cbush06/kosher/report/cucumber_format.go:202.30,204.6 1 0
github.com/cbush06/kosher/report/cucumber_format.go:207.19,208.27 1 0
github.com/cbush06/kosher/report/cucumber_format.go:209.19,210.27 1 0
github.com/cbush06/kosher/report/cucumber_format.go:211.20,212.28 1 0
github.com/cbush06/kosher/report/cucumber_format.go:213.22,214.28 1 0
github.com/cbush06/kosher/report/cucumber_format.go:217.36,219.6 1 0
github.com/cbush06/kosher/report/cucumber_format.go:234.31,236.5 1 0
github.com/cbush06/kosher/report/cucumber_format.go:236.10,236.39 1 0
github.com/cbush06/kosher/report/cucumber_format.go:236.39,238.5 1 0
github.com/cbush06/kosher/report/cucumber_format.go:238.10,240.5 1 0
github.com/cbush06/kosher/integrations/jira/jira.go:57.89,62.48 4 0
github.com/cbush06/kosher/integrations/jira/jira.go:66.2,66.36 1 0
github.com/cbush06/kosher/integrations/jira/jira.go:70.2,70.42 1 0
github.com/cbush06/kosher/integrations/jira/jira.go:74.2,74.44 1 0
github.com/cbush06/kosher/integrations/jira/jira.go:78.2,78.46 1 0
github.com/cbush06/kosher/integrations/jira/jira.go:82.2,82.38 1 0
github.com/cbush06/kosher/integrations/jira/jira.go:86.2,86.42 1 0
github.com/cbush06/kosher/integrations/jira/jira.go:90.2,90.41 1 0
github.com/cbush06/kosher/integrations/jira/jira.go:94.2,94.12 1 0
github.com/cbush06/kosher/integrations/jira/jira.go:62.48,64.3 1 0
github.com/cbush06/kosher/integrations/jira/jira.go:66.36,68.3 1 0
github.com/cbush06/kosher/integrations/jira/jira.go:70.42,72.3 1 0
github.com/cbush06/kosher/integrations/jira/jira.go:74.44,76.3 1 0
github.com/cbush06/kosher/integrations/jira/jira.go:78.46,80.3 1 0
github.com/cbush06/kosher/integrations/jira/jira.go:82.38,84.3 1 0
github.com/cbush06/kosher/integrations/jira/jira.go:86.42,88.3 1 0
github.com/cbush06/kosher/integrations/jira/jira.go:90.41,92.3 1 0
github.com/cbush06/kosher/integrations/jira/jira.go:97.38,100.73 2 0
github.com/cbush06/kosher/integrations/jira/jira.go:104.2,104.81 1 0
github.com/cbush06/kosher/integrations/jira/jira.go:108.2,108.12 1 0
github.com/cbush06/kosher/integrations/jira/jira.go:100.73,102.3 1 0
github.com/cbush06/kosher/integrations/jira/jira.go:104.81,106.3 1 0
github.com/cbush06/kosher/integrations/jira/jira.go:111.44,129.45 8 0
github.com/cbush06/kosher/integrations/jira/jira.go:140.2,147.12 3 0
github.com/cbush06/kosher/integrations/jira/jira.go:129.45,130.75 1 0
github.com/cbush06/kosher/integrations/jira/jira.go:133.3,133.29 1 0
github.com/cbush06/kosher/integrations/jira/jira.go:130.75,132.4 1 0
github.com/cbush06/kosher/integrations/jira/jira.go:134.8,135.48 1 0
github.com/cbush06/kosher/integrations/jira/jira.go:135.48,137.4 1 0
github.com/cbush06/kosher/integrations/jira/jira.go:150.36,158.34 4 0
github.com/cbush06/kosher/integrations/jira/jira.go:163.2,165.34 3 0
github.com/cbush06/kosher/integrations/jira/jira.go:169.2,169.6 1 0
github.com/cbush06/kosher/integrations/jira/jira.go:179.2,181.34 3 0
github.com/cbush06/kosher/integrations/jira/jira.go:185.2,185.35 1 0
github.com/cbush06/kosher/integrations/jira/jira.go:158.34,160.3 1 0
github.com/cbush06/kosher/integrations/jira/jira.go:165.34,167.3 1 0
github.com/cbush06/kosher/integrations/jira/jira.go:169.6,172.26 3 0
github.com/cbush06/kosher/integrations/jira/jira.go:175.3,175.53 1 0
github.com/cbush06/kosher/integrations/jira/jira.go:172.26,173.9 1 0
github.com/cbush06/kosher/integrations/jira/jira.go:181.34,183.3 1 0
github.com/cbush06/kosher/integrations/jira/jira.go:188.32,195.83 2 0
github.com/cbush06/kosher/integrations/jira/jira.go:200.2,200.61 1 0
github.com/cbush06/kosher/integrations/jira/jira.go:207.2,210.74 2 0
github.com/cbush06/kosher/integrations/jira/jira.go:214.2,214.12 1 0
github.com/cbush06/kosher/integrations/jira/jira.go:195.83,197.3 1 0
github.com/cbush06/kosher/integrations/jira/jira.go:200.61,201.55 1 0
github.com/cbush06/kosher/integrations/jira/jira.go:204.3,204.66 1 0
github.com/cbush06/kosher/integrations/jira/jira.go:201.55,203.4 1 0
github.com/cbush06/kosher/integrations/jira/jira.go:210.74,212.3 1 0
github.com/cbush06/kosher/integrations/jira/jira.go:217.38,223.68 2 0
github.com/cbush06/kosher/integrations/jira/jira.go:227.2,227.48 1 0
github.com/cbush06/kosher/integrations/jira/jira.go:268.2,268.97 1 0
github.com/cbush06/kosher/integrations/jira/jira.go:272.2,272.12 1 0
github.com/cbush06/kosher/integrations/jira/jira.go:223.68,225.3 1 0
github.com/cbush06/kosher/integrations/jira/jira.go:227.48,228.74 1 0
github.com/cbush06/kosher/integrations/jira/jira.go:232.3,233.44 2 0
github.com/cbush06/kosher/integrations/jira/jira.go:240.3,240.21 1 0
github.com/cbush06/kosher/integrations/jira/jira.go:228.74,230.4 1 0
github.com/cbush06/kosher/integrations/jira/jira.go:233.44,234.54 1 0
github.com/cbush06/kosher/integrations/jira/jira.go:234.54,236.10 2 0
github.com/cbush06/kosher/integrations/jira/jira.go:240.21,242.4 1 0
github.com/cbush06/kosher/integrations/jira/jira.go:243.8,246.41 3 0
github.com/cbush06/kosher/integrations/jira/jira.go:249.3,254.56 3 0
github.com/cbush06/kosher/integrations/jira/jira.go:262.3,264.18 2 0
github.com/cbush06/kosher/integrations/jira/jira.go:246.41,248.4 1 0
github.com/cbush06/kosher/integrations/jira/jira.go:254.56,258.125 3 0
github.com/cbush06/kosher/integrations/jira/jira.go:258.125,260.5 1 0
github.com/cbush06/kosher/integrations/jira/jira.go:268.97,270.3 1 0
github.com/cbush06/kosher/integrations/jira/jira.go:275.40,281.48 2 0
github.com/cbush06/kosher/integrations/jira/jira.go:321.2,323.12 2 0
github.com/cbush06/kosher/integrations/jira/jira.go:281.48,282.73 1 0
github.com/cbush06/kosher/integrations/jira/jira.go:286.3,287.53 2 0
github.com/cbush06/kosher/integrations/jira/jira.go:294.3,294.23 1 0
github.com/cbush06/kosher/integrations/jira/jira.go:282.73,284.4 1 0
github.com/cbush06/kosher/integrations/jira/jira.go:287.53,288.51 1 0
github.com/cbush06/kosher/integrations/jira/jira.go:288.51,290.10 2 0
github.com/cbush06/kosher/integrations/jira/jira.go:294.23,296.4 1 0
github.com/cbush06/kosher/integrations/jira/jira.go:297.8,300.53 3 0
github.com/cbush06/kosher/integrations/jira/jira.go:303.3,308.72 3 0
github.com/cbush06/kosher/integrations/jira/jira.go:316.3,317.18 2 0
github.com/cbush06/kosher/integrations/jira/jira.go:300.53,302.4 1 0
github.com/cbush06/kosher/integrations/jira/jira.go:308.72,312.143 3 0
github.com/cbush06/kosher/integrations/jira/jira.go:312.143,314.5 1 0
github.com/cbush06/kosher/integrations/jira/jira.go:326.42,329.48 2 0
github.com/cbush06/kosher/integrations/jira/jira.go:346.2,346.29 1 0
github.com/cbush06/kosher/integrations/jira/jira.go:359.2,359.12 1 0
github.com/cbush06/kosher/integrations/jira/jira.go:329.48,330.78 1 0
github.com/cbush06/kosher/integrations/jira/jira.go:334.3,334.94 1 0
github.com/cbush06/kosher/integrations/jira/jira.go:330.78,332.4 1 0
github.com/cbush06/kosher/integrations/jira/jira.go:335.8,343.3 5 0
github.com/cbush06/kosher/integrations/jira/jira.go:346.29,347.44 1 0
github.com/cbush06/kosher/integrations/jira/jira.go:354.3,354.34 1 0
github.com/cbush06/kosher/integrations/jira/jira.go:347.44,348.49 1 0
github.com/cbush06/kosher/integrations/jira/jira.go:348.49,350.10 2 0
github.com/cbush06/kosher/integrations/jira/jira.go:354.34,356.4 1 0
github.com/cbush06/kosher/integrations/jira/jira.go:362.34,365.48 2 0
github.com/cbush06/kosher/integrations/jira/jira.go:381.2,383.12 2 0
github.com/cbush06/kosher/integrations/jira/jira.go:365.48,366.70 1 0
github.com/cbush06/kosher/integrations/jira/jira.go:370.3,370.78 1 0
github.com/cbush06/kosher/integrations/jira/jira.go:366.70,368.4 1 0
github.com/cbush06/kosher/integrations/jira/jira.go:371.8,379.3 5 0
github.com/cbush06/kosher/integrations/jira/jira.go:386.37,400.34 7 0
github.com/cbush06/kosher/integrations/jira/jira.go:420.2,422.12 2 0
github.com/cbush06/kosher/integrations/jira/jira.go:400.34,402.3 1 0
github.com/cbush06/kosher/integrations/jira/jira.go:402.8,403.49 1 0
github.com/cbush06/kosher/integrations/jira/jira.go:403.49,404.45 1 0
github.com/cbush06/kosher/integrations/jira/jira.go:404.45,405.140 1 0
github.com/cbush06/kosher/integrations/jira/jira.go:405.140,406.33 1 0
github.com/cbush06/kosher/integrations/jira/jira.go:406.33,407.72 1 0
github.com/cbush06/kosher/integrations/jira/jira.go:407.72,409.8 1 0
github.com/cbush06/kosher/integrations/jira/jira.go:409.13,409.25 1 0
github.com/cbush06/kosher/integrations/jira/jira.go:409.25,411.8 1 0
github.com/cbush06/kosher/integrations/jira/jira.go:411.13,413.8 1 0
github.com/cbush06/kosher/integrations/jira/jira.go:425.100,440.78 4 0
github.com/cbush06/kosher/integrations/jira/jira.go:443.2,446.86 3 0
github.com/cbush06/kosher/integrations/jira/jira.go:449.2,452.14 3 0
github.com/cbush06/kosher/integrations/jira/jira.go:484.2,486.22 2 0
github.com/cbush06/kosher/integrations/jira/jira.go:440.78,442.3 1 0
github.com/cbush06/kosher/integrations/jira/jira.go:446.86,448.3 1 0
github.com/cbush06/kosher/integrations/jira/jira.go:452.14,453.53 1 0
github.com/cbush06/kosher/integrations/jira/jira.go:457.3,473.34 2 0
github.com/cbush06/kosher/integrations/jira/jira.go:477.3,477.75 1 0
github.com/cbush06/kosher/integrations/jira/jira.go:481.3,481.60 1 0
github.com/cbush06/kosher/integrations/jira/jira.go:453.53,455.4 1 0
github.com/cbush06/kosher/integrations/jira/jira.go:473.34,475.4 1 0
github.com/cbush06/kosher/integrations/jira/jira.go:477.75,479.4 1 0
github.com/cbush06/kosher/integrations/jira/jira.go:489.57,495.48 2 0
github.com/cbush06/kosher/integrations/jira/jira.go:534.2,534.44 1 0
github.com/cbush06/kosher/integrations/jira/jira.go:495.48,496.72 1 0
github.com/cbush06/kosher/integrations/jira/jira.go:500.3,502.49 2 0
github.com/cbush06/kosher/integrations/jira/jira.go:509.3,509.22 1 0
github.com/cbush06/kosher/integrations/jira/jira.go:496.72,498.4 1 0
github.com/cbush06/kosher/integrations/jira/jira.go:502.49,503.54 1 0
github.com/cbush06/kosher/integrations/jira/jira.go:503.54,505.10 2 0
github.com/cbush06/kosher/integrations/jira/jira.go:509.22,511.4 1 0
github.com/cbush06/kosher/integrations/jira/jira.go:512.8,515.38 2 0
github.com/cbush06/kosher/integrations/jira/jira.go:520.3,523.62 2 0
github.com/cbush06/kosher/integrations/jira/jira.go:531.3,531.16 1 0
github.com/cbush06/kosher/integrations/jira/jira.go:515.38,517.4 1 0
github.com/cbush06/kosher/integrations/jira/jira.go:523.62,527.132 3 0
github.com/cbush06/kosher/integrations/jira/jira.go:527.132,529.5 1 0
github.com/cbush06/kosher/integrations/jira/jira.go:537.36,549.23 5 0
github.com/cbush06/kosher/integrations/jira/jira.go:554.2,555.76 2 0
github.com/cbush06/kosher/integrations/jira/jira.go:560.2,560.48 1 0
github.com/cbush06/kosher/integrations/jira/jira.go:549.23,552.3 2 0
github.com/cbush06/kosher/integrations/jira/jira.go:555.76,558.3 2 0
github.com/cbush06/kosher/integrations/jira/jira.go:563.66,564.29 1 0
github.com/cbush06/kosher/integrations/jira/jira.go:568.2,568.37 1 0
github.com/cbush06/kosher/integrations/jira/jira.go:574.2,574.12 1 0
github.com/cbush06/kosher/integrations/jira/jira.go:564.29,566.3 1 0
github.com/cbush06/kosher/integrations/jira/jira.go:568.37,569.54 1 0
github.com/cbush06/kosher/integrations/jira/jira.go:569.54,571.4 1 0
github.com/cbush06/kosher/suitecontext/suitecontext.go:38.55,49.2 8 0
github.com/cbush06/kosher/suitecontext/suitecontext.go:51.62,54.2 2 0
github.com/cbush06/kosher/suitecontext/suitecontext.go:56.58,59.2 2 0
github.com/cbush06/kosher/suitecontext/suitecontext.go:61.56,63.2 1 0
github.com/cbush06/kosher/suitecontext/suitecontext.go:65.61,66.36 1 0
github.com/cbush06/kosher/suitecontext/suitecontext.go:67.14,68.25 1 0
github.com/cbush06/kosher/suitecontext/suitecontext.go:69.14,70.25 1 0
github.com/cbush06/kosher/suitecontext/suitecontext.go:71.17,71.17 0 0
github.com/cbush06/kosher/suitecontext/suitecontext.go:72.10,73.28 1 0
github.com/cbush06/kosher/suitecontext/suitecontext.go:77.66,78.11 1 0
github.com/cbush06/kosher/suitecontext/suitecontext.go:79.26,83.41 4 0
github.com/cbush06/kosher/suitecontext/suitecontext.go:84.11,86.38 2 0
github.com/cbush06/kosher/suitecontext/suitecontext.go:87.10,89.38 2 0
github.com/cbush06/kosher/suitecontext/suitecontext.go:93.71,96.18 2 0
github.com/cbush06/kosher/suitecontext/suitecontext.go:103.2,103.44 1 0
github.com/cbush06/kosher/suitecontext/suitecontext.go:107.2,107.19 1 0
github.com/cbush06/kosher/suitecontext/suitecontext.go:97.25,98.50 1 0
github.com/cbush06/kosher/suitecontext/suitecontext.go:99.32,100.57 1 0
github.com/cbush06/kosher/suitecontext/suitecontext.go:103.44,105.3 1 0
github.com/cbush06/kosher/suitecontext/suitecontext.go:110.64,111.11 1 0
github.com/cbush06/kosher/suitecontext/suitecontext.go:112.11,114.35 2 0
github.com/cbush06/kosher/suitecontext/suitecontext.go:115.10,116.22 1 0
github.com/cbush06/kosher/cmd/run.go:49.54,51.20 1 0
github.com/cbush06/kosher/cmd/run.go:59.4,60.55 2 0
github.com/cbush06/kosher/cmd/run.go:65.4,69.28 3 0
github.com/cbush06/kosher/cmd/run.go:72.4,72.28 1 0
github.com/cbush06/kosher/cmd/run.go:77.4,77.49 1 0
github.com/cbush06/kosher/cmd/run.go:83.4,84.18 2 0
github.com/cbush06/kosher/cmd/run.go:117.4,117.14 1 0
github.com/cbush06/kosher/cmd/run.go:51.20,54.5 2 0
github.com/cbush06/kosher/cmd/run.go:54.10,56.5 1 0
github.com/cbush06/kosher/cmd/run.go:60.55,62.5 1 0
github.com/cbush06/kosher/cmd/run.go:69.28,71.5 1 0
github.com/cbush06/kosher/cmd/run.go:72.28,74.5 1 0
github.com/cbush06/kosher/cmd/run.go:77.49,79.5 1 0
github.com/cbush06/kosher/cmd/run.go:79.10,81.5 1 0
github.com/cbush06/kosher/cmd/run.go:84.18,86.5 1 0
github.com/cbush06/kosher/cmd/run.go:86.10,94.19 5 0
github.com/cbush06/kosher/cmd/run.go:99.5,100.67 2 0
github.com/cbush06/kosher/cmd/run.go:104.5,105.95 2 0
github.com/cbush06/kosher/cmd/run.go:110.5,110.51 1 0
github.com/cbush06/kosher/cmd/run.go:114.5,114.163 1 0
github.com/cbush06/kosher/cmd/run.go:94.19,96.6 1 0
github.com/cbush06/kosher/cmd/run.go:100.67,102.6 1 0
github.com/cbush06/kosher/cmd/run.go:105.95,108.6 2 0
github.com/cbush06/kosher/cmd/run.go:110.51,112.6 1 0
github.com/cbush06/kosher/cmd/run.go:122.55,127.2 4 0
github.com/cbush06/kosher/cmd/run.go:129.92,131.43 1 0
github.com/cbush06/kosher/cmd/run.go:139.2,139.72 1 0
github.com/cbush06/kosher/cmd/run.go:132.17,133.42 1 0
github.com/cbush06/kosher/cmd/run.go:134.13,135.50 1 0
github.com/cbush06/kosher/cmd/run.go:139.72,141.3 1 0
github.com/cbush06/kosher/cmd/run.go:141.8,142.28 1 0
github.com/cbush06/kosher/cmd/run.go:142.28,144.58 2 0
github.com/cbush06/kosher/cmd/run.go:144.58,144.88 1 0
github.com/cbush06/kosher/cmd/run.go:149.94,154.53 3 0
github.com/cbush06/kosher/cmd/run.go:161.2,168.3 1 0
github.com/cbush06/kosher/cmd/run.go:155.37,156.28 1 0
github.com/cbush06/kosher/cmd/run.go:157.10,158.61 1 0
github.com/cbush06/kosher/common/date_utils.go:9.58,15.25 2 0
github.com/cbush06/kosher/common/date_utils.go:19.2,19.111 1 0
github.com/cbush06/kosher/common/date_utils.go:23.2,23.15 1 0
github.com/cbush06/kosher/common/date_utils.go:15.25,17.3 1 0
github.com/cbush06/kosher/common/date_utils.go:19.111,21.3 1 0
github.com/cbush06/kosher/common/date_utils.go:27.56,28.25 1 0
github.com/cbush06/kosher/common/date_utils.go:31.2,31.58 1 0
github.com/cbush06/kosher/common/date_utils.go:28.25,30.3 1 0
github.com/cbush06/kosher/common/date_utils.go:34.60,44.2 9 0
github.com/cbush06/kosher/config/settings.go:24.39,33.2 2 0
github.com/cbush06/kosher/config/settings.go:36.51,37.38 1 0
github.com/cbush06/kosher/config/settings.go:40.2,41.40 2 0
github.com/cbush06/kosher/config/settings.go:44.2,44.46 1 0
github.com/cbush06/kosher/config/settings.go:37.38,39.3 1 0
github.com/cbush06/kosher/config/settings.go:41.40,43.3 1 0
github.com/cbush06/kosher/config/settings.go:49.90,53.55 3 0
github.com/cbush06/kosher/config/settings.go:56.2,56.66 1 0
github.com/cbush06/kosher/config/settings.go:63.2,63.81 1 0
github.com/cbush06/kosher/config/settings.go:74.2,74.27 1 0
github.com/cbush06/kosher/config/settings.go:78.2,78.17 1 0
github.com/cbush06/kosher/config/settings.go:53.55,55.3 1 0
github.com/cbush06/kosher/config/settings.go:56.66,57.17 1 0
github.com/cbush06/kosher/config/settings.go:60.3,60.58 1 0
github.com/cbush06/kosher/config/settings.go:57.17,59.4 1 0
github.com/cbush06/kosher/config/settings.go:63.81,65.3 1 0
github.com/cbush06/kosher/config/settings.go:65.8,66.55 1 0
github.com/cbush06/kosher/config/settings.go:66.55,68.4 1 0
github.com/cbush06/kosher/config/settings.go:68.9,71.4 2 0
github.com/cbush06/kosher/config/settings.go:74.27,76.3 1 0
github.com/cbush06/kosher/config/settings.go:81.39,83.2 1 0
github.com/cbush06/kosher/config/settings.go:85.42,127.2 13 0
